#
# A fatal error has been detected by the Java Runtime Environment:
#
#  EXCEPTION_ACCESS_VIOLATION (0xc0000005) at pc=0x000000000250ad3a, pid=6412, tid=6672
#
# JRE version: 7.0_04-b22
# Java VM: Java HotSpot(TM) 64-Bit Server VM (23.0-b21 mixed mode windows-amd64 compressed oops)
# Problematic frame:
# v  ~BufferBlob::jni_fast_GetLongField
#
# Failed to write core dump. Minidumps are not enabled by default on client versions of Windows
#
# If you would like to submit a bug report, please visit:
#   http://bugreport.sun.com/bugreport/crash.jsp
# The crash happened outside the Java Virtual Machine in native code.
# See problematic frame for where to report the bug.
#

---------------  T H R E A D  ---------------

Current thread (0x00000000002ec800):  JavaThread "main" [_thread_in_native, id=6672, stack(0x0000000002280000,0x0000000002380000)]

siginfo: ExceptionCode=0xc0000005, reading address 0x0000000000000000

Registers:
RAX=0x0000000060d87b80, RBX=0x00000000002ec9d8, RCX=0x00000000002ec9d8, RDX=0x0000000000000000
RSP=0x000000000237e428, RBP=0x000000000237e560, RSI=0x000000000237e818, RDI=0x00000000002ec9d8
R8 =0x0000000000000042, R9 =0x0000000000000000, R10=0x0000000000000006, R11=0x00000000608f0cc0
R12=0x0000000000000000, R13=0x0000000000000000, R14=0x0000000000000000, R15=0x00000000002ec800
RIP=0x000000000250ad3a, EFLAGS=0x0000000000010246

Top of Stack: (sp=0x000000000237e428)
0x000000000237e428:   00000000605915ed 000000000237e838
0x000000000237e438:   000000000237e6d8 00000000002ede00
0x000000000237e448:   000000006094125e 000000000237e820
0x000000000237e458:   000000006059aedb 00000000002ec9d8
0x000000000237e468:   00000000002e7ae0 00000000002eadb0
0x000000000237e478:   00000000608df8d5 000000000a017800
0x000000000237e488:   00000000002e7ae0 00000000024bf1d8
0x000000000237e498:   0000000000000000 0000000000000007
0x000000000237e4a8:   00000000608eeef6 00000000002ec800
0x000000000237e4b8:   00000000024bf1d8 000000000237e828
0x000000000237e4c8:   000000000237e830 0000000000000000
0x000000000237e4d8:   0000000000000000 00000000002ec9d8
0x000000000237e4e8:   000000009e4547cc 000000000237e548
0x000000000237e4f8:   000000009e455560 0000000000000000
0x000000000237e508:   000000009e4547d8 0000000000000000
0x000000000237e518:   000000000237e538 000000000237e590 

Instructions: (pc=0x000000000250ad3a)
0x000000000250ad1a:   00 00 00 00 00 00 44 8b 15 51 ed 8c 5e 4c 8b ca
0x000000000250ad2a:   41 f6 c2 01 0f 85 2e 00 00 00 4d 33 ca 4d 33 ca
0x000000000250ad3a:   4d 8b 09 4d 8b d8 49 c1 eb 02 4b 8b 04 19 49 bb
0x000000000250ad4a:   78 9a dd 60 00 00 00 00 4c 33 d8 4c 33 d8 45 3b 


Register to memory mapping:

RAX=0x0000000060d87b80 is an unknown value
RBX=0x00000000002ec9d8 is an unknown value
RCX=0x00000000002ec9d8 is an unknown value
RDX=0x0000000000000000 is an unknown value
RSP=0x000000000237e428 is pointing into the stack for thread: 0x00000000002ec800
RBP=0x000000000237e560 is pointing into the stack for thread: 0x00000000002ec800
RSI=0x000000000237e818 is pointing into the stack for thread: 0x00000000002ec800
RDI=0x00000000002ec9d8 is an unknown value
R8 =0x0000000000000042 is an unknown value
R9 =0x0000000000000000 is an unknown value
R10=0x0000000000000006 is an unknown value
R11=0x00000000608f0cc0 is an unknown value
R12=0x0000000000000000 is an unknown value
R13=0x0000000000000000 is an unknown value
R14=0x0000000000000000 is an unknown value
R15=0x00000000002ec800 is a thread


Stack: [0x0000000002280000,0x0000000002380000],  sp=0x000000000237e428,  free space=1017k
Native frames: (J=compiled Java code, j=interpreted, Vv=VM code, C=native code)
v  ~BufferBlob::jni_fast_GetLongField
C  0x000000009e455560

Java frames: (J=compiled Java code, j=interpreted, Vv=VM code)
j  sun.java2d.loops.MaskBlit.MaskBlit(Lsun/java2d/SurfaceData;Lsun/java2d/SurfaceData;Ljava/awt/Composite;Lsun/java2d/pipe/Region;IIIIII[BII)V+0
j  sun.java2d.loops.Blit$GeneralMaskBlit.Blit(Lsun/java2d/SurfaceData;Lsun/java2d/SurfaceData;Ljava/awt/Composite;Lsun/java2d/pipe/Region;IIIIII)V+24
j  sun.java2d.pipe.DrawImage.blitSurfaceData(Lsun/java2d/SunGraphics2D;Lsun/java2d/pipe/Region;Lsun/java2d/SurfaceData;Lsun/java2d/SurfaceData;Lsun/java2d/loops/SurfaceType;Lsun/java2d/loops/SurfaceType;IIIIIILjava/awt/Color;)V+97
j  sun.java2d.pipe.DrawImage.renderImageCopy(Lsun/java2d/SunGraphics2D;Ljava/awt/Image;Ljava/awt/Color;IIIIII)Z+77
j  sun.java2d.pipe.DrawImage.copyImage(Lsun/java2d/SunGraphics2D;Ljava/awt/Image;IILjava/awt/Color;)Z+45
j  sun.java2d.pipe.DrawImage.copyImage(Lsun/java2d/SunGraphics2D;Ljava/awt/Image;IILjava/awt/Color;Ljava/awt/image/ImageObserver;)Z+15
j  sun.java2d.SunGraphics2D.drawImage(Ljava/awt/Image;IILjava/awt/Color;Ljava/awt/image/ImageObserver;)Z+18
j  sun.awt.image.ImageRepresentation.drawToBufImage(Ljava/awt/Graphics;Lsun/awt/image/ToolkitImage;IILjava/awt/Color;Ljava/awt/image/ImageObserver;)Z+152
j  sun.java2d.pipe.DrawImage.copyImage(Lsun/java2d/SunGraphics2D;Ljava/awt/Image;IILjava/awt/Color;Ljava/awt/image/ImageObserver;)Z+56
j  sun.java2d.pipe.ValidatePipe.copyImage(Lsun/java2d/SunGraphics2D;Ljava/awt/Image;IILjava/awt/Color;Ljava/awt/image/ImageObserver;)Z+21
j  sun.java2d.SunGraphics2D.drawImage(Ljava/awt/Image;IILjava/awt/Color;Ljava/awt/image/ImageObserver;)Z+18
j  sun.java2d.SunGraphics2D.drawImage(Ljava/awt/Image;IILjava/awt/image/ImageObserver;)Z+7
j  geometryzombiesmayhem.MutableImage.mutate(Ljava/awt/Image;)V+23
j  geometryzombiesmayhem.MutableImage.<init>(Ljava/awt/Image;Z)V+33
j  geometryzombiesmayhem.Sprite.<init>(Ljava/lang/String;Lgeometryzombiesmayhem/Vector2D;IIIIIIIZZ)V+10
j  geometryzombiesmayhem.Sprite.<init>(Ljava/lang/String;Lgeometryzombiesmayhem/Vector2D;IIIIIIIZ)V+19
j  geometryzombiesmayhem.Sprite.<init>(Ljava/lang/String;Lgeometryzombiesmayhem/Vector2D;IIIIIII)V+17
j  geometryzombiesmayhem.Zombie.getDefaultSprite()Lgeometryzombiesmayhem/Sprite;+23
j  geometryzombiesmayhem.Zombie.<init>(Ljava/lang/String;Lgeometryzombiesmayhem/Vector2D;Lgeometryzombiesmayhem/Sprite;F)V+136
j  geometryzombiesmayhem.Zombie.<init>(Ljava/lang/String;Lgeometryzombiesmayhem/Vector2D;Lgeometryzombiesmayhem/Sprite;FZ)V+6
j  geometryzombiesmayhem.ZM.initBodies()V+88
j  geometryzombiesmayhem.ZM.<init>()V+259
j  geometryzombiesmayhem.ZM.main([Ljava/lang/String;)V+4
v  ~StubRoutines::call_stub

---------------  P R O C E S S  ---------------

Java Threads: ( => current thread )
  0x000000000fcfb800 JavaThread "Image Fetcher 1" daemon [_thread_blocked, id=4124, stack(0x0000000011300000,0x0000000011400000)]
  0x000000000fcf9800 JavaThread "D3D Screen Updater" daemon [_thread_blocked, id=7960, stack(0x0000000011760000,0x0000000011860000)]
  0x000000000faa4800 JavaThread "Awesome Thread" [_thread_in_Java, id=6240, stack(0x0000000011620000,0x0000000011720000)]
  0x000000000bf55800 JavaThread "AWT-EventQueue-0" [_thread_blocked, id=5228, stack(0x0000000011420000,0x0000000011520000)]
  0x000000000bf55000 JavaThread "Direct Clip" daemon [_thread_blocked, id=5520, stack(0x0000000011010000,0x0000000011110000)]
  0x00000000100c1800 JavaThread "Direct Clip" daemon [_thread_blocked, id=8160, stack(0x00000000111a0000,0x00000000112a0000)]
  0x000000000feb1000 JavaThread "Java Sound Event Dispatcher" daemon [_thread_blocked, id=7612, stack(0x00000000108f0000,0x00000000109f0000)]
  0x000000000becc800 JavaThread "Image Fetcher 0" daemon [_thread_blocked, id=6704, stack(0x000000000c790000,0x000000000c890000)]
  0x000000000be5c000 JavaThread "AWT-Windows" daemon [_thread_in_native, id=3876, stack(0x000000000b9f0000,0x000000000baf0000)]
  0x000000000a052000 JavaThread "AWT-Shutdown" [_thread_blocked, id=6080, stack(0x000000000c180000,0x000000000c280000)]
  0x000000000a047800 JavaThread "Java2D Disposer" daemon [_thread_blocked, id=7532, stack(0x000000000c300000,0x000000000c400000)]
  0x000000000a022800 JavaThread "Service Thread" daemon [_thread_blocked, id=1520, stack(0x000000000bb00000,0x000000000bc00000)]
  0x000000000a01b800 JavaThread "C2 CompilerThread1" daemon [_thread_blocked, id=4276, stack(0x000000000b8e0000,0x000000000b9e0000)]
  0x000000000a01a000 JavaThread "C2 CompilerThread0" daemon [_thread_blocked, id=7956, stack(0x000000000b700000,0x000000000b800000)]
  0x000000000a019000 JavaThread "Attach Listener" daemon [_thread_blocked, id=7740, stack(0x000000000af60000,0x000000000b060000)]
  0x000000000a012000 JavaThread "Signal Dispatcher" daemon [_thread_blocked, id=8000, stack(0x000000000b520000,0x000000000b620000)]
  0x0000000002269000 JavaThread "Finalizer" daemon [_thread_blocked, id=6620, stack(0x000000000b3b0000,0x000000000b4b0000)]
  0x0000000002262800 JavaThread "Reference Handler" daemon [_thread_blocked, id=7540, stack(0x000000000b2a0000,0x000000000b3a0000)]
=>0x00000000002ec800 JavaThread "main" [_thread_in_native, id=6672, stack(0x0000000002280000,0x0000000002380000)]

Other Threads:
  0x000000000225e000 VMThread [stack: 0x000000000b0c0000,0x000000000b1c0000] [id=2900]
  0x000000000a03b800 WatcherThread [stack: 0x000000000bc70000,0x000000000bd70000] [id=8144]

VM state:not at safepoint (normal execution)

VM Mutex/Monitor currently owned by a thread: None

Heap
 PSYoungGen      total 36672K, used 18627K [0x00000000e10b0000, 0x00000000e3900000, 0x0000000000000000)
  eden space 32768K, 56% used [0x00000000e10b0000,0x00000000e22d8c20,0x00000000e30b0000)
  from space 3904K, 0% used [0x00000000e3480000,0x00000000e3488000,0x00000000e3850000)
  to   space 3904K, 0% used [0x00000000e30b0000,0x00000000e30b0000,0x00000000e3480000)
 ParOldGen       total 161856K, used 105825K [0x00000000a3200000, 0x00000000ad010000, 0x00000000e10b0000)
  object space 161856K, 65% used [0x00000000a3200000,0x00000000a9958748,0x00000000ad010000)
 PSPermGen       total 21248K, used 10329K [0x000000009e000000, 0x000000009f4c0000, 0x00000000a3200000)
  object space 21248K, 48% used [0x000000009e000000,0x000000009ea166c0,0x000000009f4c0000)

Code Cache  [0x00000000024b0000, 0x0000000002720000, 0x00000000054b0000)
 total_blobs=506 nmethods=68 adapters=390 free_code_cache=48449Kb largest_free_block=49591488

Compilation events (10 events):
Event: 1.066 Thread 0x000000000a01a000 nmethod 3% 0x000000000255e290 code [0x000000000255e440, 0x000000000255f238]
Event: 1.066 Thread 0x000000000a01a000    4 % !         geometryzombiesmayhem.AwesomeTimer$1::run @ 23 (316 bytes)
Event: 1.073 Thread 0x000000000a01b800 nmethod 61 0x000000000255a7d0 code [0x000000000255ab20, 0x000000000255bcb8]
Event: 1.076 Thread 0x000000000a01b800   62             java.lang.Math::abs (14 bytes)
Event: 1.076 Thread 0x000000000a01b800 nmethod 62 0x0000000002516890 code [0x00000000025169c0, 0x00000000025169f8]
Event: 1.084 Thread 0x000000000a01a000 nmethod 4% 0x000000000255c150 code [0x000000000255c360, 0x000000000255d1c8]
Event: 1.084 Thread 0x000000000a01b800   63             geometryzombiesmayhem.Sprite::getWarpVelocity (5 bytes)
Event: 1.085 Thread 0x000000000a01b800 nmethod 63 0x000000000255ff90 code [0x00000000025600c0, 0x0000000002560118]
Event: 1.085 Thread 0x000000000a01a000    5 % !         geometryzombiesmayhem.AwesomeTimer$1::run @ 0 (316 bytes)
Event: 1.146 Thread 0x000000000a01a000 nmethod 5% 0x0000000002562e10 code [0x0000000002563040, 0x00000000025640a8]

GC Heap History (6 events):
Event: 1.088 GC heap before
{Heap before GC invocations=1 (full 0):
 PSYoungGen      total 27776K, used 23872K [0x00000000e10b0000, 0x00000000e2fa0000, 0x0000000000000000)
  eden space 23872K, 100% used [0x00000000e10b0000,0x00000000e2800000,0x00000000e2800000)
  from space 3904K, 0% used [0x00000000e2bd0000,0x00000000e2bd0000,0x00000000e2fa0000)
  to   space 3904K, 0% used [0x00000000e2800000,0x00000000e2800000,0x00000000e2bd0000)
 ParOldGen       total 105472K, used 100696K [0x00000000a3200000, 0x00000000a9900000, 0x00000000e10b0000)
  object space 105472K, 95% used [0x00000000a3200000,0x00000000a9456220,0x00000000a9900000)
 PSPermGen       total 21248K, used 10333K [0x000000009e000000, 0x000000009f4c0000, 0x00000000a3200000)
  object space 21248K, 48% used [0x000000009e000000,0x000000009ea17538,0x000000009f4c0000)
Event: 1.096 GC heap after
Heap after GC invocations=1 (full 0):
 PSYoungGen      total 27776K, used 3241K [0x00000000e10b0000, 0x00000000e2fa0000, 0x0000000000000000)
  eden space 23872K, 0% used [0x00000000e10b0000,0x00000000e10b0000,0x00000000e2800000)
  from space 3904K, 83% used [0x00000000e2800000,0x00000000e2b2a6b8,0x00000000e2bd0000)
  to   space 3904K, 0% used [0x00000000e2bd0000,0x00000000e2bd0000,0x00000000e2fa0000)
 ParOldGen       total 107520K, used 106669K [0x00000000a3200000, 0x00000000a9b00000, 0x00000000e10b0000)
  object space 107520K, 99% used [0x00000000a3200000,0x00000000a9a2b550,0x00000000a9b00000)
 PSPermGen       total 21248K, used 10333K [0x000000009e000000, 0x000000009f4c0000, 0x00000000a3200000)
  object space 21248K, 48% used [0x000000009e000000,0x000000009ea17538,0x000000009f4c0000)
}
Event: 1.096 GC heap before
{Heap before GC invocations=2 (full 1):
 PSYoungGen      total 27776K, used 3241K [0x00000000e10b0000, 0x00000000e2fa0000, 0x0000000000000000)
  eden space 23872K, 0% used [0x00000000e10b0000,0x00000000e10b0000,0x00000000e2800000)
  from space 3904K, 83% used [0x00000000e2800000,0x00000000e2b2a6b8,0x00000000e2bd0000)
  to   space 3904K, 0% used [0x00000000e2bd0000,0x00000000e2bd0000,0x00000000e2fa0000)
 ParOldGen       total 107520K, used 106669K [0x00000000a3200000, 0x00000000a9b00000, 0x00000000e10b0000)
  object space 107520K, 99% used [0x00000000a3200000,0x00000000a9a2b550,0x00000000a9b00000)
 PSPermGen       total 21248K, used 10333K [0x000000009e000000, 0x000000009f4c0000, 0x00000000a3200000)
  object space 21248K, 48% used [0x000000009e000000,0x000000009ea17538,0x000000009f4c0000)
Event: 1.123 GC heap after
Heap after GC invocations=2 (full 1):
 PSYoungGen      total 27776K, used 0K [0x00000000e10b0000, 0x00000000e2fa0000, 0x0000000000000000)
  eden space 23872K, 0% used [0x00000000e10b0000,0x00000000e10b0000,0x00000000e2800000)
  from space 3904K, 0% used [0x00000000e2800000,0x00000000e2800000,0x00000000e2bd0000)
  to   space 3904K, 0% used [0x00000000e2bd0000,0x00000000e2bd0000,0x00000000e2fa0000)
 ParOldGen       total 161856K, used 105825K [0x00000000a3200000, 0x00000000ad010000, 0x00000000e10b0000)
  object space 161856K, 65% used [0x00000000a3200000,0x00000000a9958748,0x00000000ad010000)
 PSPermGen       total 21248K, used 10329K [0x000000009e000000, 0x000000009f4c0000, 0x00000000a3200000)
  object space 21248K, 48% used [0x000000009e000000,0x000000009ea166a0,0x000000009f4c0000)
}
Event: 1.162 GC heap before
{Heap before GC invocations=3 (full 1):
 PSYoungGen      total 27776K, used 23872K [0x00000000e10b0000, 0x00000000e2fa0000, 0x0000000000000000)
  eden space 23872K, 100% used [0x00000000e10b0000,0x00000000e2800000,0x00000000e2800000)
  from space 3904K, 0% used [0x00000000e2800000,0x00000000e2800000,0x00000000e2bd0000)
  to   space 3904K, 0% used [0x00000000e2bd0000,0x00000000e2bd0000,0x00000000e2fa0000)
 ParOldGen       total 161856K, used 105825K [0x00000000a3200000, 0x00000000ad010000, 0x00000000e10b0000)
  object space 161856K, 65% used [0x00000000a3200000,0x00000000a9958748,0x00000000ad010000)
 PSPermGen       total 21248K, used 10329K [0x000000009e000000, 0x000000009f4c0000, 0x00000000a3200000)
  object space 21248K, 48% used [0x000000009e000000,0x000000009ea166c0,0x000000009f4c0000)
Event: 1.163 GC heap after
Heap after GC invocations=3 (full 1):
 PSYoungGen      total 27776K, used 32K [0x00000000e10b0000, 0x00000000e3660000, 0x0000000000000000)
  eden space 23872K, 0% used [0x00000000e10b0000,0x00000000e10b0000,0x00000000e2800000)
  from space 3904K, 0% used [0x00000000e2bd0000,0x00000000e2bd8000,0x00000000e2fa0000)
  to   space 3904K, 0% used [0x00000000e2800000,0x00000000e2800000,0x00000000e2bd0000)
 ParOldGen       total 161856K, used 105825K [0x00000000a3200000, 0x00000000ad010000, 0x00000000e10b0000)
  object space 161856K, 65% used [0x00000000a3200000,0x00000000a9958748,0x00000000ad010000)
 PSPermGen       total 21248K, used 10329K [0x000000009e000000, 0x000000009f4c0000, 0x00000000a3200000)
  object space 21248K, 48% used [0x000000009e000000,0x000000009ea166c0,0x000000009f4c0000)
}

Deoptimization events (2 events):
Event: 0.656 Thread 0x000000000becc800 Uncommon trap -83 fr.pc 0x00000000025472f8
Event: 1.034 Thread 0x000000000faa4800 Uncommon trap -34 fr.pc 0x0000000002558528

Internal exceptions (10 events):
Event: 1.036 Thread 0x000000000faa4800 Threw 0x00000000e2527ac8 at C:\jdk7u2_64p\jdk7u4\hotspot\src\share\vm\prims\jvm.cpp:1166
Event: 1.036 Thread 0x000000000faa4800 Threw 0x00000000e2529078 at C:\jdk7u2_64p\jdk7u4\hotspot\src\share\vm\prims\jvm.cpp:1166
Event: 1.037 Thread 0x000000000faa4800 Threw 0x00000000e252b050 at C:\jdk7u2_64p\jdk7u4\hotspot\src\share\vm\prims\jvm.cpp:1166
Event: 1.040 Thread 0x000000000faa4800 Threw 0x00000000e252c638 at C:\jdk7u2_64p\jdk7u4\hotspot\src\share\vm\prims\jvm.cpp:1166
Event: 1.055 Thread 0x000000000faa4800 Threw 0x00000000e252de90 at C:\jdk7u2_64p\jdk7u4\hotspot\src\share\vm\prims\jvm.cpp:1166
Event: 1.058 Thread 0x000000000faa4800 Threw 0x00000000e25318a8 at C:\jdk7u2_64p\jdk7u4\hotspot\src\share\vm\prims\jvm.cpp:1166
Event: 1.061 Thread 0x000000000faa4800 Threw 0x00000000e2532ec8 at C:\jdk7u2_64p\jdk7u4\hotspot\src\share\vm\prims\jvm.cpp:1166
Event: 1.062 Thread 0x000000000faa4800 Threw 0x00000000e2534308 at C:\jdk7u2_64p\jdk7u4\hotspot\src\share\vm\prims\jvm.cpp:1166
Event: 1.062 Thread 0x000000000faa4800 Threw 0x00000000e2536678 at C:\jdk7u2_64p\jdk7u4\hotspot\src\share\vm\prims\jvm.cpp:1166
Event: 1.085 Thread 0x00000000002ec800 Threw 0x00000000e2605908 at C:\jdk7u2_64p\jdk7u4\hotspot\src\share\vm\prims\jvm.cpp:1166

Events (10 events):
Event: 1.082 loading class 0x000000000ff19510
Event: 1.082 loading class 0x000000000ff19510 done
Event: 1.082 loading class 0x000000000fcb4ea0
Event: 1.082 loading class 0x000000000fcb4ea0 done
Event: 1.085 loading class 0x000000000a064120
Event: 1.085 loading class 0x000000000a064120 done
Event: 1.088 Executing VM operation: ParallelGCFailedAllocation
Event: 1.123 Executing VM operation: ParallelGCFailedAllocation done
Event: 1.162 Executing VM operation: ParallelGCFailedAllocation
Event: 1.163 Executing VM operation: ParallelGCFailedAllocation done


Dynamic libraries:
0x000000003f360000 - 0x000000003f393000 	C:\Program Files\Java\jdk1.7.0_04\jre\bin\java.exe
0x0000000077320000 - 0x00000000774c9000 	C:\Windows\SYSTEM32\ntdll.dll
0x0000000077200000 - 0x000000007731f000 	C:\Windows\system32\kernel32.dll
0x00000000fc960000 - 0x00000000fc9cc000 	C:\Windows\system32\KERNELBASE.dll
0x00000000fd8c0000 - 0x00000000fd99b000 	C:\Windows\system32\ADVAPI32.dll
0x00000000fd4b0000 - 0x00000000fd54f000 	C:\Windows\system32\msvcrt.dll
0x00000000fe9e0000 - 0x00000000fe9ff000 	C:\Windows\SYSTEM32\sechost.dll
0x00000000fd1a0000 - 0x00000000fd2cd000 	C:\Windows\system32\RPCRT4.dll
0x0000000077100000 - 0x00000000771fa000 	C:\Windows\system32\USER32.dll
0x00000000fce70000 - 0x00000000fced7000 	C:\Windows\system32\GDI32.dll
0x00000000fd8b0000 - 0x00000000fd8be000 	C:\Windows\system32\LPK.dll
0x00000000fcf40000 - 0x00000000fd009000 	C:\Windows\system32\USP10.dll
0x00000000fabe0000 - 0x00000000fadd4000 	C:\Windows\WinSxS\amd64_microsoft.windows.common-controls_6595b64144ccf1df_6.0.7601.17514_none_fa396087175ac9ac\COMCTL32.dll
0x00000000fcdf0000 - 0x00000000fce61000 	C:\Windows\system32\SHLWAPI.dll
0x00000000fd3e0000 - 0x00000000fd40e000 	C:\Windows\system32\IMM32.DLL
0x00000000fd2d0000 - 0x00000000fd3d9000 	C:\Windows\system32\MSCTF.dll
0x00000000621f0000 - 0x00000000622c1000 	C:\Program Files\Java\jdk1.7.0_04\jre\bin\msvcr100.dll
0x0000000060730000 - 0x0000000060e4a000 	C:\Program Files\Java\jdk1.7.0_04\jre\bin\server\jvm.dll
0x00000000f9cb0000 - 0x00000000f9cb9000 	C:\Windows\system32\WSOCK32.dll
0x00000000fe990000 - 0x00000000fe9dd000 	C:\Windows\system32\WS2_32.dll
0x00000000fd190000 - 0x00000000fd198000 	C:\Windows\system32\NSI.dll
0x00000000fb4a0000 - 0x00000000fb4db000 	C:\Windows\system32\WINMM.dll
0x00000000774f0000 - 0x00000000774f7000 	C:\Windows\system32\PSAPI.DLL
0x00000000621e0000 - 0x00000000621ef000 	C:\Program Files\Java\jdk1.7.0_04\jre\bin\verify.dll
0x00000000621b0000 - 0x00000000621d8000 	C:\Program Files\Java\jdk1.7.0_04\jre\bin\java.dll
0x0000000062130000 - 0x0000000062145000 	C:\Program Files\Java\jdk1.7.0_04\jre\bin\zip.dll
0x0000000060590000 - 0x0000000060724000 	C:\Program Files\Java\jdk1.7.0_04\jre\bin\awt.dll
0x00000000fd010000 - 0x00000000fd0e7000 	C:\Windows\system32\OLEAUT32.dll
0x00000000fd6a0000 - 0x00000000fd8a3000 	C:\Windows\system32\ole32.dll
0x0000000080000000 - 0x00000000800eb000 	C:\Program Files\DigitalPersona\Bin\DpoFeedb.dll
0x00000000fb6d0000 - 0x00000000fb6dc000 	C:\Windows\system32\VERSION.dll
0x00000000fba50000 - 0x00000000fba6e000 	C:\Windows\system32\USERENV.dll
0x00000000fc640000 - 0x00000000fc64f000 	C:\Windows\system32\profapi.dll
0x00000000fc570000 - 0x00000000fc57f000 	C:\Windows\system32\CRYPTBASE.dll
0x00000000f1e60000 - 0x00000000f1e8e000 	C:\Program Files\DigitalPersona\Bin\DpoSet.dll
0x00000000737d0000 - 0x00000000738a3000 	C:\Windows\WinSxS\amd64_microsoft.vc90.crt_1fc8b3b9a1e18e3b_9.0.30729.6161_none_08e61857a83bc251\MSVCP90.dll
0x0000000073720000 - 0x00000000737c3000 	C:\Windows\WinSxS\amd64_microsoft.vc90.crt_1fc8b3b9a1e18e3b_9.0.30729.6161_none_08e61857a83bc251\MSVCR90.dll
0x00000000fb0d0000 - 0x00000000fb0e8000 	C:\Windows\system32\DWMAPI.DLL
0x0000000062150000 - 0x0000000062169000 	C:\Program Files\Java\jdk1.7.0_04\jre\bin\net.dll
0x00000000fbeb0000 - 0x00000000fbf05000 	C:\Windows\system32\mswsock.dll
0x00000000fbea0000 - 0x00000000fbea7000 	C:\Windows\System32\wship6.dll
0x00000000620f0000 - 0x0000000062101000 	C:\Program Files\Java\jdk1.7.0_04\jre\bin\nio.dll
0x00000000f1640000 - 0x00000000f183f000 	C:\Windows\system32\d3d9.dll
0x00000000f1630000 - 0x00000000f1637000 	C:\Windows\system32\d3d8thk.dll
0x00000000e9860000 - 0x00000000e9970000 	C:\Windows\system32\aticfx64.dll
0x00000000f76d0000 - 0x00000000f76df000 	C:\Windows\system32\atiu9p64.dll
0x00000000e8ba0000 - 0x00000000e91f9000 	C:\Windows\system32\atiumd64.dll
0x0000000068960000 - 0x0000000068d7a000 	C:\Windows\system32\atiumd6a.dll
0x00000000fd9a0000 - 0x00000000fe728000 	C:\Windows\system32\SHELL32.dll
0x00000000628c0000 - 0x00000000628cc000 	C:\Program Files\Java\jdk1.7.0_04\jre\bin\jsound.dll
0x00000000628b0000 - 0x00000000628bb000 	C:\Program Files\Java\jdk1.7.0_04\jre\bin\jsoundds.dll
0x00000000fb1b0000 - 0x00000000fb238000 	C:\Windows\system32\DSOUND.dll
0x00000000fb680000 - 0x00000000fb6ac000 	C:\Windows\system32\POWRPROF.dll
0x00000000fca10000 - 0x00000000fcbe7000 	C:\Windows\system32\SETUPAPI.dll
0x00000000fc6f0000 - 0x00000000fc726000 	C:\Windows\system32\CFGMGR32.dll
0x00000000fc7d0000 - 0x00000000fc7ea000 	C:\Windows\system32\DEVOBJ.dll
0x00000000fb3a0000 - 0x00000000fb3eb000 	C:\Windows\system32\MMDevAPI.DLL
0x00000000fb270000 - 0x00000000fb39c000 	C:\Windows\system32\PROPSYS.dll
0x00000000fa650000 - 0x00000000fa68b000 	C:\Windows\system32\wdmaud.drv
0x0000000074fe0000 - 0x0000000074fe6000 	C:\Windows\system32\ksuser.dll
0x00000000fb260000 - 0x00000000fb269000 	C:\Windows\system32\AVRT.dll
0x00000000fa600000 - 0x00000000fa64f000 	C:\Windows\system32\AUDIOSES.DLL
0x00000000fa5f0000 - 0x00000000fa5fa000 	C:\Windows\system32\msacm32.drv
0x00000000fa5d0000 - 0x00000000fa5e8000 	C:\Windows\system32\MSACM32.dll
0x00000000fa540000 - 0x00000000fa549000 	C:\Windows\system32\midimap.dll
0x00000000fd0f0000 - 0x00000000fd189000 	C:\Windows\system32\CLBCatQ.DLL
0x00000000620b0000 - 0x00000000620e4000 	C:\Program Files\Java\jdk1.7.0_04\jre\bin\fontmanager.dll
0x0000000062060000 - 0x00000000620a1000 	C:\Program Files\Java\jdk1.7.0_04\jre\bin\t2k.dll
0x00000000e71e0000 - 0x00000000e7305000 	C:\Windows\system32\dbghelp.dll

VM Arguments:
jvm_args: -Dfile.encoding=UTF-8 
java_command: geometryzombiesmayhem.ZM
Launcher Type: SUN_STANDARD

Environment Variables:
PATH=C:\Program Files (x86)\AMD APP\bin\x86_64;C:\Program Files (x86)\AMD APP\bin\x86;C:\Program Files (x86)\NVIDIA Corporation\PhysX\Common;C:\Program Files\CollabNet\Subversion Client;C:\Program Files\Common Files\Microsoft Shared\Windows Live;C:\Windows\system32;C:\Windows;C:\Windows\System32\Wbem;C:\Windows\System32\WindowsPowerShell\v1.0\;c:\Program Files (x86)\Common Files\Ulead Systems\MPEG;C:\Program Files (x86)\ATI Technologies\ATI.ACE\Core-Static;c:\Program Files (x86)\Common Files\Roxio Shared\DLLShared\;c:\Program Files (x86)\Common Files\Roxio Shared\DLLShared\;c:\Program Files (x86)\Common Files\Roxio Shared\12.0\DLLShared\;C:\Program Files\Intel\WiFi\bin\;C:\Program Files\Common Files\Intel\WirelessCommon\;C:\Program Files\TortoiseSVN\bin;C:\Program Files\Intel\WiFi\bin\;C:\Program Files\Common Files\Intel\WirelessCommon\;C:\Program Files (x86)\FAHClient
USERNAME=hsiang
OS=Windows_NT
PROCESSOR_IDENTIFIER=Intel64 Family 6 Model 37 Stepping 5, GenuineIntel



---------------  S Y S T E M  ---------------

OS: Windows 7 , 64 bit Build 7601 Service Pack 1

CPU:total 4 (2 cores per cpu, 2 threads per core) family 6 model 37 stepping 5, cmov, cx8, fxsr, mmx, sse, sse2, sse3, ssse3, sse4.1, sse4.2, popcnt, ht, tsc, tscinvbit

Memory: 4k page, physical 6084464k(2838116k free), swap 12167076k(7901540k free)

vm_info: Java HotSpot(TM) 64-Bit Server VM (23.0-b21) for windows-amd64 JRE (1.7.0_04-b22), built on May  2 2012 23:28:26 by "java_re" with unknown MS VC++:1600

time: Wed Oct 31 11:43:25 2012
elapsed time: 1 seconds

